[  0%] Built target geometry_msgs_generate_messages_eus
[  0%] Built target geometry_msgs_generate_messages_lisp
[  0%] Built target std_msgs_generate_messages_eus
[  0%] Built target std_msgs_generate_messages_nodejs
[  0%] Built target std_msgs_generate_messages_lisp
[  0%] Built target geometry_msgs_generate_messages_nodejs
[ 18%] Built target sensor_faker
[35m[1mScanning dependencies of target sensor_subscriber[0m
[ 18%] Built target std_msgs_generate_messages_cpp
[ 18%] Built target geometry_msgs_generate_messages_cpp
[ 18%] Built target geometry_msgs_generate_messages_py
[ 18%] Built target std_msgs_generate_messages_py
[ 27%] [32mBuilding CXX object CMakeFiles/sensor_subscriber.dir/src/sensor_subscriber.cpp.o[0m
[ 27%] Built target _gas_sensing_generate_messages_check_deps_ConcentrationWithHeader
[ 54%] Built target gas_sensing_generate_messages_lisp
[ 54%] Built target gas_sensing_generate_messages_eus
[ 63%] Built target gas_sensing_generate_messages_nodejs
[ 81%] Built target gas_sensing_generate_messages_cpp
[ 90%] Built target gas_sensing_generate_messages_py
[ 90%] Built target gas_sensing_generate_messages
[100%] [32m[1mLinking CXX executable /home/abersier/Documents/ETH/Semester_Project/SP_simulation/catkin_sim/devel/.private/gas_sensing/lib/gas_sensing/sensor_subscriber[0m
[100%] Built target sensor_subscriber
