[35m[1mScanning dependencies of target sensor_faker[0m
[  0%] Built target geometry_msgs_generate_messages_eus
[  0%] Built target geometry_msgs_generate_messages_nodejs
[  0%] Built target std_msgs_generate_messages_eus
[  0%] Built target std_msgs_generate_messages_nodejs
[  0%] Built target geometry_msgs_generate_messages_lisp
[ 11%] [32mBuilding CXX object CMakeFiles/sensor_faker.dir/src/sensor_faker.cpp.o[0m
[ 11%] Built target std_msgs_generate_messages_lisp
[ 11%] Built target std_msgs_generate_messages_py
[ 11%] Built target geometry_msgs_generate_messages_cpp
[ 11%] Built target geometry_msgs_generate_messages_py
[ 11%] Built target std_msgs_generate_messages_cpp
[ 11%] Built target _gas_sensing_generate_messages_check_deps_ConcentrationWithHeader
[ 33%] Built target gas_sensing_generate_messages_py
[ 44%] Built target gas_sensing_generate_messages_nodejs
[ 55%] Built target gas_sensing_generate_messages_lisp
[ 77%] Built target gas_sensing_generate_messages_eus
[ 88%] Built target gas_sensing_generate_messages_cpp
[ 88%] Built target gas_sensing_generate_messages
[100%] [32m[1mLinking CXX executable /home/abersier/Documents/ETH/Semester_Project/SP_simulation/catkin_sim/devel/.private/gas_sensing/lib/gas_sensing/sensor_faker[0m
[100%] Built target sensor_faker
