[35m[1mScanning dependencies of target sensor_faker[0m
[  0%] Built target std_msgs_generate_messages_eus
[  0%] Built target geometry_msgs_generate_messages_lisp
[  0%] Built target geometry_msgs_generate_messages_eus
[  0%] Built target std_msgs_generate_messages_lisp
[  0%] Built target geometry_msgs_generate_messages_nodejs
[  0%] Built target std_msgs_generate_messages_nodejs
[  9%] [32mBuilding CXX object CMakeFiles/sensor_faker.dir/src/sensor_faker.cpp.o[0m
[  9%] Built target geometry_msgs_generate_messages_cpp
[  9%] Built target std_msgs_generate_messages_cpp
[  9%] Built target geometry_msgs_generate_messages_py
[  9%] Built target std_msgs_generate_messages_py
[ 27%] Built target sensor_subscriber
[ 27%] Built target _gas_sensing_generate_messages_check_deps_ConcentrationWithHeader
[ 45%] Built target gas_sensing_generate_messages_lisp
[ 54%] Built target gas_sensing_generate_messages_py
[ 63%] Built target gas_sensing_generate_messages_nodejs
[ 81%] Built target gas_sensing_generate_messages_eus
[ 90%] Built target gas_sensing_generate_messages_cpp
[ 90%] Built target gas_sensing_generate_messages
[100%] [32m[1mLinking CXX executable /home/abersier/Documents/ETH/Semester_Project/SP_simulation/catkin_sim/devel/.private/gas_sensing/lib/gas_sensing/sensor_faker[0m
[100%] Built target sensor_faker
