Not searching for unused variables given on the command line.
[36m--[0m The C compiler identification is GNU 9.4.0
[36m--[0m The CXX compiler identification is GNU 9.4.0
[36m--[0m Check for working C compiler: /usr/bin/cc
[36m--[0m Check for working C compiler: /usr/bin/cc -- works
[36m--[0m Detecting C compiler ABI info
[36m--[0m Detecting C compiler ABI info - done
[36m--[0m Detecting C compile features
[36m--[0m Detecting C compile features - done
[36m--[0m Check for working CXX compiler: /usr/bin/c++
[36m--[0m Check for working CXX compiler: /usr/bin/c++ -- works
[36m--[0m Detecting CXX compiler ABI info
[36m--[0m Detecting CXX compiler ABI info - done
[36m--[0m Detecting CXX compile features
[36m--[0m Detecting CXX compile features - done
[36m--[0m Using CATKIN_DEVEL_PREFIX: /home/abersier/Documents/ETH/Semester_Project/SP_simulation/catkin_sim/devel/.private/rqt_rviz_wrapper
[36m--[0m Using CMAKE_PREFIX_PATH: /home/abersier/Documents/ETH/Semester_Project/SP_simulation/catkin_sim/devel;/opt/ros/noetic;/opt/openrobots
[36m--[0m This workspace overlays: /home/abersier/Documents/ETH/Semester_Project/SP_simulation/catkin_sim/devel;/opt/ros/noetic
[36m--[0m Found PythonInterp: /usr/bin/python3 (found suitable version "3.8.10", minimum required is "3")
[36m--[0m Using PYTHON_EXECUTABLE: /usr/bin/python3
[36m--[0m Using Debian Python package layout
[36m--[0m Found PY_em: /usr/lib/python3/dist-packages/em.py
[36m--[0m Using empy: /usr/lib/python3/dist-packages/em.py
[36m--[0m Using CATKIN_ENABLE_TESTING: ON
[36m--[0m Call enable_testing()
[36m--[0m Using CATKIN_TEST_RESULTS_DIR: /home/abersier/Documents/ETH/Semester_Project/SP_simulation/catkin_sim/build/rqt_rviz_wrapper/test_results
[36m--[0m Forcing gtest/gmock from source, though one was otherwise available.
[36m--[0m Found gtest sources under '/usr/src/googletest': gtests will be built
[36m--[0m Found gmock sources under '/usr/src/googletest': gmock will be built
[36m--[0m Found PythonInterp: /usr/bin/python3 (found version "3.8.10")
[36m--[0m Found Threads: TRUE
[36m--[0m Using Python nosetests: /usr/bin/nosetests3
[36m--[0m catkin 0.8.10
[36m--[0m BUILD_SHARED_LIBS is on
[36m--[0m Checking to see if CXX compiler accepts flag -Wl,--version-script,"/home/abersier/Documents/ETH/Semester_Project/SP_simulation/catkin_sim/build/rqt_rviz_wrapper/class_loader_hide_library_symbols__rqt_rviz_wrapper.script"
[36m--[0m Checking to see if CXX compiler accepts flag -Wl,--version-script,"/home/abersier/Documents/ETH/Semester_Project/SP_simulation/catkin_sim/build/rqt_rviz_wrapper/class_loader_hide_library_symbols__rqt_rviz_wrapper.script" - yes
[36m--[0m Running /usr/bin/clang-format-10:
[36m--[0m Files: /home/abersier/Documents/ETH/Semester_Project/SP_simulation/catkin_sim/src/anymal_rsl/anymal_rsl_user_interface/graphical_user_interface/rqt/rqt_rviz_wrapper/src/rqt_rviz_wrapper/RvizWrapper.cpp/home/abersier/Documents/ETH/Semester_Project/SP_simulation/catkin_sim/src/anymal_rsl/anymal_rsl_user_interface/graphical_user_interface/rqt/rqt_rviz_wrapper/test/EmptyTests.cpp/home/abersier/Documents/ETH/Semester_Project/SP_simulation/catkin_sim/src/anymal_rsl/anymal_rsl_user_interface/graphical_user_interface/rqt/rqt_rviz_wrapper/include/rqt_rviz_wrapper/RvizWrapper.h
[36m--[0m Config: /usr/share/cmake_clang_tools/.clang-format
[36m--[0m Options: --fix--verbose
[36m--[0m Running /usr/bin/clang-tidy-10:
[36m--[0m Files: /home/abersier/Documents/ETH/Semester_Project/SP_simulation/catkin_sim/src/anymal_rsl/anymal_rsl_user_interface/graphical_user_interface/rqt/rqt_rviz_wrapper/src/rqt_rviz_wrapper/RvizWrapper.cpp/home/abersier/Documents/ETH/Semester_Project/SP_simulation/catkin_sim/src/anymal_rsl/anymal_rsl_user_interface/graphical_user_interface/rqt/rqt_rviz_wrapper/test/EmptyTests.cpp
[36m--[0m Config: /usr/share/cmake_clang_tools/.clang-tidy
[36m--[0m Build directory: /home/abersier/Documents/ETH/Semester_Project/SP_simulation/catkin_sim/build/rqt_rviz_wrapper
[36m--[0m Header filter:
[36m--[0m Header dirs: /home/abersier/Documents/ETH/Semester_Project/SP_simulation/catkin_sim/src/anymal_rsl/anymal_rsl_user_interface/graphical_user_interface/rqt/rqt_rviz_wrapper/src,/home/abersier/Documents/ETH/Semester_Project/SP_simulation/catkin_sim/src/anymal_rsl/anymal_rsl_user_interface/graphical_user_interface/rqt/rqt_rviz_wrapper/include,/home/abersier/Documents/ETH/Semester_Project/SP_simulation/catkin_sim/src/anymal_rsl/anymal_rsl_user_interface/graphical_user_interface/rqt/rqt_rviz_wrapper/test
[36m--[0m Exclude header dirs:
[36m--[0m Checks:
[36m--[0m Options: --verbose
[36m--[0m Code coverage: Disabled (CMAKE_BUILD_TYPE: RELWITHDEBINFO)
[36m--[0m Configuring done
[36m--[0m Generating done
[36m--[0m Build files have been written to: /home/abersier/Documents/ETH/Semester_Project/SP_simulation/catkin_sim/build/rqt_rviz_wrapper
