Symlinking /home/abersier/Documents/ETH/Semester_Project/SP_simulation/catkin_sim/devel/lib/pkgconfig/anymal_rsl_recording.pc
Symlinking /home/abersier/Documents/ETH/Semester_Project/SP_simulation/catkin_sim/devel/lib/python3/dist-packages/anymal_rsl_recording/__init__.py
Symlinking /home/abersier/Documents/ETH/Semester_Project/SP_simulation/catkin_sim/devel/lib/python3/dist-packages/anymal_rsl_recording/srv/_StartRecordingInternal.py
Symlinking /home/abersier/Documents/ETH/Semester_Project/SP_simulation/catkin_sim/devel/lib/python3/dist-packages/anymal_rsl_recording/srv/_StopRecordingInternal.py
Symlinking /home/abersier/Documents/ETH/Semester_Project/SP_simulation/catkin_sim/devel/lib/python3/dist-packages/anymal_rsl_recording/srv/__init__.py
Symlinking /home/abersier/Documents/ETH/Semester_Project/SP_simulation/catkin_sim/devel/lib/python3/dist-packages/anymal_rsl_recording/srv/_StopRecording.py
Symlinking /home/abersier/Documents/ETH/Semester_Project/SP_simulation/catkin_sim/devel/lib/python3/dist-packages/anymal_rsl_recording/srv/_StartRecording.py
Symlinking /home/abersier/Documents/ETH/Semester_Project/SP_simulation/catkin_sim/devel/share/roseus/ros/anymal_rsl_recording/manifest.l
Symlinking /home/abersier/Documents/ETH/Semester_Project/SP_simulation/catkin_sim/devel/share/roseus/ros/anymal_rsl_recording/srv/StopRecording.l
Symlinking /home/abersier/Documents/ETH/Semester_Project/SP_simulation/catkin_sim/devel/share/roseus/ros/anymal_rsl_recording/srv/StopRecordingInternal.l
Symlinking /home/abersier/Documents/ETH/Semester_Project/SP_simulation/catkin_sim/devel/share/roseus/ros/anymal_rsl_recording/srv/StartRecordingInternal.l
Symlinking /home/abersier/Documents/ETH/Semester_Project/SP_simulation/catkin_sim/devel/share/roseus/ros/anymal_rsl_recording/srv/StartRecording.l
Symlinking /home/abersier/Documents/ETH/Semester_Project/SP_simulation/catkin_sim/devel/share/common-lisp/ros/anymal_rsl_recording/srv/_package_StopRecordingInternal.lisp
Symlinking /home/abersier/Documents/ETH/Semester_Project/SP_simulation/catkin_sim/devel/share/common-lisp/ros/anymal_rsl_recording/srv/_package_StartRecordingInternal.lisp
Symlinking /home/abersier/Documents/ETH/Semester_Project/SP_simulation/catkin_sim/devel/share/common-lisp/ros/anymal_rsl_recording/srv/StopRecording.lisp
Symlinking /home/abersier/Documents/ETH/Semester_Project/SP_simulation/catkin_sim/devel/share/common-lisp/ros/anymal_rsl_recording/srv/_package_StopRecording.lisp
Symlinking /home/abersier/Documents/ETH/Semester_Project/SP_simulation/catkin_sim/devel/share/common-lisp/ros/anymal_rsl_recording/srv/_package.lisp
Symlinking /home/abersier/Documents/ETH/Semester_Project/SP_simulation/catkin_sim/devel/share/common-lisp/ros/anymal_rsl_recording/srv/anymal_rsl_recording-srv.asd
Symlinking /home/abersier/Documents/ETH/Semester_Project/SP_simulation/catkin_sim/devel/share/common-lisp/ros/anymal_rsl_recording/srv/StartRecordingInternal.lisp
Symlinking /home/abersier/Documents/ETH/Semester_Project/SP_simulation/catkin_sim/devel/share/common-lisp/ros/anymal_rsl_recording/srv/StartRecording.lisp
Symlinking /home/abersier/Documents/ETH/Semester_Project/SP_simulation/catkin_sim/devel/share/common-lisp/ros/anymal_rsl_recording/srv/_package_StartRecording.lisp
Symlinking /home/abersier/Documents/ETH/Semester_Project/SP_simulation/catkin_sim/devel/share/common-lisp/ros/anymal_rsl_recording/srv/StopRecordingInternal.lisp
Symlinking /home/abersier/Documents/ETH/Semester_Project/SP_simulation/catkin_sim/devel/share/anymal_rsl_recording/cmake/anymal_rsl_recordingConfig.cmake
Symlinking /home/abersier/Documents/ETH/Semester_Project/SP_simulation/catkin_sim/devel/share/anymal_rsl_recording/cmake/anymal_rsl_recording-msg-paths.cmake
Symlinking /home/abersier/Documents/ETH/Semester_Project/SP_simulation/catkin_sim/devel/share/anymal_rsl_recording/cmake/anymal_rsl_recordingConfig-version.cmake
Symlinking /home/abersier/Documents/ETH/Semester_Project/SP_simulation/catkin_sim/devel/share/anymal_rsl_recording/cmake/anymal_rsl_recording-msg-extras.cmake
Symlinking /home/abersier/Documents/ETH/Semester_Project/SP_simulation/catkin_sim/devel/share/gennodejs/ros/anymal_rsl_recording/_index.js
Symlinking /home/abersier/Documents/ETH/Semester_Project/SP_simulation/catkin_sim/devel/share/gennodejs/ros/anymal_rsl_recording/srv/_index.js
Symlinking /home/abersier/Documents/ETH/Semester_Project/SP_simulation/catkin_sim/devel/share/gennodejs/ros/anymal_rsl_recording/srv/StopRecording.js
Symlinking /home/abersier/Documents/ETH/Semester_Project/SP_simulation/catkin_sim/devel/share/gennodejs/ros/anymal_rsl_recording/srv/StartRecordingInternal.js
Symlinking /home/abersier/Documents/ETH/Semester_Project/SP_simulation/catkin_sim/devel/share/gennodejs/ros/anymal_rsl_recording/srv/StopRecordingInternal.js
Symlinking /home/abersier/Documents/ETH/Semester_Project/SP_simulation/catkin_sim/devel/share/gennodejs/ros/anymal_rsl_recording/srv/StartRecording.js
Symlinking /home/abersier/Documents/ETH/Semester_Project/SP_simulation/catkin_sim/devel/include/anymal_rsl_recording/StartRecordingInternalRequest.h
Symlinking /home/abersier/Documents/ETH/Semester_Project/SP_simulation/catkin_sim/devel/include/anymal_rsl_recording/StopRecordingResponse.h
Symlinking /home/abersier/Documents/ETH/Semester_Project/SP_simulation/catkin_sim/devel/include/anymal_rsl_recording/StartRecordingInternalResponse.h
Symlinking /home/abersier/Documents/ETH/Semester_Project/SP_simulation/catkin_sim/devel/include/anymal_rsl_recording/StopRecording.h
Symlinking /home/abersier/Documents/ETH/Semester_Project/SP_simulation/catkin_sim/devel/include/anymal_rsl_recording/StopRecordingInternal.h
Symlinking /home/abersier/Documents/ETH/Semester_Project/SP_simulation/catkin_sim/devel/include/anymal_rsl_recording/StopRecordingInternalResponse.h
Symlinking /home/abersier/Documents/ETH/Semester_Project/SP_simulation/catkin_sim/devel/include/anymal_rsl_recording/StopRecordingRequest.h
Symlinking /home/abersier/Documents/ETH/Semester_Project/SP_simulation/catkin_sim/devel/include/anymal_rsl_recording/StartRecordingInternal.h
Symlinking /home/abersier/Documents/ETH/Semester_Project/SP_simulation/catkin_sim/devel/include/anymal_rsl_recording/StartRecordingResponse.h
Symlinking /home/abersier/Documents/ETH/Semester_Project/SP_simulation/catkin_sim/devel/include/anymal_rsl_recording/StopRecordingInternalRequest.h
Symlinking /home/abersier/Documents/ETH/Semester_Project/SP_simulation/catkin_sim/devel/include/anymal_rsl_recording/StartRecordingRequest.h
Symlinking /home/abersier/Documents/ETH/Semester_Project/SP_simulation/catkin_sim/devel/include/anymal_rsl_recording/StartRecording.h
