[35m[1mScanning dependencies of target path_planner[0m
[  0%] Built target std_msgs_generate_messages_lisp
[  0%] Built target geometry_msgs_generate_messages_py
[  0%] Built target std_msgs_generate_messages_py
[35m[1mScanning dependencies of target path_hardcoder[0m
[  0%] Built target geometry_msgs_generate_messages_lisp
[  0%] Built target std_msgs_generate_messages_nodejs
[ 18%] [32mBuilding CXX object CMakeFiles/path_hardcoder.dir/src/path_hardcoder.cpp.o[0m
[  9%] [32mBuilding CXX object CMakeFiles/path_planner.dir/src/path_planner.cpp.o[0m
[ 18%] Built target geometry_msgs_generate_messages_nodejs
[ 18%] Built target geometry_msgs_generate_messages_cpp
[ 18%] Built target geometry_msgs_generate_messages_eus
[ 18%] Built target std_msgs_generate_messages_eus
[ 18%] Built target std_msgs_generate_messages_cpp
[ 18%] Built target _path_planner_generate_messages_check_deps_ConcentrationWithHeader
[ 27%] Built target path_planner_generate_messages_lisp
[ 36%] Built target path_planner_generate_messages_cpp
[ 54%] Built target path_planner_generate_messages_py
[ 63%] Built target path_planner_generate_messages_nodejs
[ 81%] Built target path_planner_generate_messages_eus
[ 81%] Built target path_planner_generate_messages
[ 90%] [32m[1mLinking CXX executable /home/abersier/Documents/ETH/Semester_Project/SP_simulation/catkin_sim/devel/.private/path_planner/lib/path_planner/path_hardcoder[0m
[ 90%] Built target path_hardcoder
[100%] [32m[1mLinking CXX executable /home/abersier/Documents/ETH/Semester_Project/SP_simulation/catkin_sim/devel/.private/path_planner/lib/path_planner/path_planner[0m
[100%] Built target path_planner
