Linked: (/home/abersier/Documents/ETH/Semester_Project/SP_simulation/catkin_sim/devel/.private/path_planner/lib/path_planner/path_planner, /home/abersier/Documents/ETH/Semester_Project/SP_simulation/catkin_sim/devel/lib/path_planner/path_planner)
Linked: (/home/abersier/Documents/ETH/Semester_Project/SP_simulation/catkin_sim/devel/.private/path_planner/lib/path_planner/path_hardcoder, /home/abersier/Documents/ETH/Semester_Project/SP_simulation/catkin_sim/devel/lib/path_planner/path_hardcoder)
Linked: (/home/abersier/Documents/ETH/Semester_Project/SP_simulation/catkin_sim/devel/.private/path_planner/lib/pkgconfig/path_planner.pc, /home/abersier/Documents/ETH/Semester_Project/SP_simulation/catkin_sim/devel/lib/pkgconfig/path_planner.pc)
Linked: (/home/abersier/Documents/ETH/Semester_Project/SP_simulation/catkin_sim/devel/.private/path_planner/lib/python3/dist-packages/path_planner/__init__.py, /home/abersier/Documents/ETH/Semester_Project/SP_simulation/catkin_sim/devel/lib/python3/dist-packages/path_planner/__init__.py)
Linked: (/home/abersier/Documents/ETH/Semester_Project/SP_simulation/catkin_sim/devel/.private/path_planner/lib/python3/dist-packages/path_planner/msg/__init__.py, /home/abersier/Documents/ETH/Semester_Project/SP_simulation/catkin_sim/devel/lib/python3/dist-packages/path_planner/msg/__init__.py)
Linked: (/home/abersier/Documents/ETH/Semester_Project/SP_simulation/catkin_sim/devel/.private/path_planner/lib/python3/dist-packages/path_planner/msg/_ConcentrationWithHeader.py, /home/abersier/Documents/ETH/Semester_Project/SP_simulation/catkin_sim/devel/lib/python3/dist-packages/path_planner/msg/_ConcentrationWithHeader.py)
Linked: (/home/abersier/Documents/ETH/Semester_Project/SP_simulation/catkin_sim/devel/.private/path_planner/share/roseus/ros/path_planner/manifest.l, /home/abersier/Documents/ETH/Semester_Project/SP_simulation/catkin_sim/devel/share/roseus/ros/path_planner/manifest.l)
Linked: (/home/abersier/Documents/ETH/Semester_Project/SP_simulation/catkin_sim/devel/.private/path_planner/share/roseus/ros/path_planner/msg/ConcentrationWithHeader.l, /home/abersier/Documents/ETH/Semester_Project/SP_simulation/catkin_sim/devel/share/roseus/ros/path_planner/msg/ConcentrationWithHeader.l)
Linked: (/home/abersier/Documents/ETH/Semester_Project/SP_simulation/catkin_sim/devel/.private/path_planner/share/path_planner/cmake/path_planner-msg-extras.cmake, /home/abersier/Documents/ETH/Semester_Project/SP_simulation/catkin_sim/devel/share/path_planner/cmake/path_planner-msg-extras.cmake)
Linked: (/home/abersier/Documents/ETH/Semester_Project/SP_simulation/catkin_sim/devel/.private/path_planner/share/path_planner/cmake/path_planner-msg-paths.cmake, /home/abersier/Documents/ETH/Semester_Project/SP_simulation/catkin_sim/devel/share/path_planner/cmake/path_planner-msg-paths.cmake)
Linked: (/home/abersier/Documents/ETH/Semester_Project/SP_simulation/catkin_sim/devel/.private/path_planner/share/path_planner/cmake/path_plannerConfig-version.cmake, /home/abersier/Documents/ETH/Semester_Project/SP_simulation/catkin_sim/devel/share/path_planner/cmake/path_plannerConfig-version.cmake)
Linked: (/home/abersier/Documents/ETH/Semester_Project/SP_simulation/catkin_sim/devel/.private/path_planner/share/path_planner/cmake/path_plannerConfig.cmake, /home/abersier/Documents/ETH/Semester_Project/SP_simulation/catkin_sim/devel/share/path_planner/cmake/path_plannerConfig.cmake)
Linked: (/home/abersier/Documents/ETH/Semester_Project/SP_simulation/catkin_sim/devel/.private/path_planner/share/common-lisp/ros/path_planner/msg/ConcentrationWithHeader.lisp, /home/abersier/Documents/ETH/Semester_Project/SP_simulation/catkin_sim/devel/share/common-lisp/ros/path_planner/msg/ConcentrationWithHeader.lisp)
Linked: (/home/abersier/Documents/ETH/Semester_Project/SP_simulation/catkin_sim/devel/.private/path_planner/share/common-lisp/ros/path_planner/msg/_package_ConcentrationWithHeader.lisp, /home/abersier/Documents/ETH/Semester_Project/SP_simulation/catkin_sim/devel/share/common-lisp/ros/path_planner/msg/_package_ConcentrationWithHeader.lisp)
Linked: (/home/abersier/Documents/ETH/Semester_Project/SP_simulation/catkin_sim/devel/.private/path_planner/share/common-lisp/ros/path_planner/msg/_package.lisp, /home/abersier/Documents/ETH/Semester_Project/SP_simulation/catkin_sim/devel/share/common-lisp/ros/path_planner/msg/_package.lisp)
Linked: (/home/abersier/Documents/ETH/Semester_Project/SP_simulation/catkin_sim/devel/.private/path_planner/share/common-lisp/ros/path_planner/msg/path_planner-msg.asd, /home/abersier/Documents/ETH/Semester_Project/SP_simulation/catkin_sim/devel/share/common-lisp/ros/path_planner/msg/path_planner-msg.asd)
Linked: (/home/abersier/Documents/ETH/Semester_Project/SP_simulation/catkin_sim/devel/.private/path_planner/share/gennodejs/ros/path_planner/_index.js, /home/abersier/Documents/ETH/Semester_Project/SP_simulation/catkin_sim/devel/share/gennodejs/ros/path_planner/_index.js)
Linked: (/home/abersier/Documents/ETH/Semester_Project/SP_simulation/catkin_sim/devel/.private/path_planner/share/gennodejs/ros/path_planner/msg/_index.js, /home/abersier/Documents/ETH/Semester_Project/SP_simulation/catkin_sim/devel/share/gennodejs/ros/path_planner/msg/_index.js)
Linked: (/home/abersier/Documents/ETH/Semester_Project/SP_simulation/catkin_sim/devel/.private/path_planner/share/gennodejs/ros/path_planner/msg/ConcentrationWithHeader.js, /home/abersier/Documents/ETH/Semester_Project/SP_simulation/catkin_sim/devel/share/gennodejs/ros/path_planner/msg/ConcentrationWithHeader.js)
Linked: (/home/abersier/Documents/ETH/Semester_Project/SP_simulation/catkin_sim/devel/.private/path_planner/include/path_planner/ConcentrationWithHeader.h, /home/abersier/Documents/ETH/Semester_Project/SP_simulation/catkin_sim/devel/include/path_planner/ConcentrationWithHeader.h)
