[01m[K/home/abersier/Documents/ETH/Semester_Project/SP_simulation/catkin_sim/src/path_planner/src/path_planner.cpp:84:5:[m[K [01;31m[Kerror: [m[K‘[01m[Kprevious_goal[m[K’ does not name a type
   84 |     [01;31m[Kprevious_goal[m[K.pose.position.x = start_x;
      |     [01;31m[K^~~~~~~~~~~~~[m[K
[01m[K/home/abersier/Documents/ETH/Semester_Project/SP_simulation/catkin_sim/src/path_planner/src/path_planner.cpp:85:5:[m[K [01;31m[Kerror: [m[K‘[01m[Kprevious_goal[m[K’ does not name a type
   85 |     [01;31m[Kprevious_goal[m[K.pose.position.y = start_y;
      |     [01;31m[K^~~~~~~~~~~~~[m[K
[01m[K/home/abersier/Documents/ETH/Semester_Project/SP_simulation/catkin_sim/src/path_planner/src/path_planner.cpp:89:25:[m[K [01;31m[Kerror: [m[K‘[01m[Kgas_sensing[m[K’ does not name a type
   89 |     void callback(const [01;31m[Kgas_sensing[m[K::ConcentrationWithHeadeConstPtr& msg) {
      |                         [01;31m[K^~~~~~~~~~~[m[K
[01m[K/home/abersier/Documents/ETH/Semester_Project/SP_simulation/catkin_sim/src/path_planner/src/path_planner.cpp:89:68:[m[K [01;31m[Kerror: [m[Kexpected unqualified-id before ‘[01m[K&[m[K’ token
   89 |     void callback(const gas_sensing::ConcentrationWithHeadeConstPtr[01;31m[K&[m[K msg) {
      |                                                                    [01;31m[K^[m[K
[01m[K/home/abersier/Documents/ETH/Semester_Project/SP_simulation/catkin_sim/src/path_planner/src/path_planner.cpp:89:68:[m[K [01;31m[Kerror: [m[Kexpected ‘[01m[K)[m[K’ before ‘[01m[K&[m[K’ token
   89 |     void callback[34m[K([m[Kconst gas_sensing::ConcentrationWithHeadeConstPtr[01;31m[K&[m[K msg) {
      |                  [34m[K~[m[K                                                 [01;31m[K^[m[K
      |                                                                    [32m[K)[m[K
[01m[K/home/abersier/Documents/ETH/Semester_Project/SP_simulation/catkin_sim/src/path_planner/src/path_planner.cpp:89:68:[m[K [01;31m[Kerror: [m[Kexpected ‘[01m[K;[m[K’ at end of member declaration
   89 |     void callback(const gas_sensing::ConcentrationWithHeadeConstPtr[01;31m[K&[m[K msg) {
      |                                                                    [01;31m[K^[m[K
      |                                                                     [32m[K;[m[K
[01m[K/home/abersier/Documents/ETH/Semester_Project/SP_simulation/catkin_sim/src/path_planner/src/path_planner.cpp:89:70:[m[K [01;31m[Kerror: [m[K‘[01m[Kmsg[m[K’ does not name a type
   89 |     void callback(const gas_sensing::ConcentrationWithHeadeConstPtr& [01;31m[Kmsg[m[K) {
      |                                                                      [01;31m[K^~~[m[K
[01m[K/home/abersier/Documents/ETH/Semester_Project/SP_simulation/catkin_sim/src/path_planner/src/path_planner.cpp:[m[K In constructor ‘[01m[KPathPlanner::PathPlanner()[m[K’:
[01m[K/home/abersier/Documents/ETH/Semester_Project/SP_simulation/catkin_sim/src/path_planner/src/path_planner.cpp:41:95:[m[K [01;31m[Kerror: [m[Kno matching function for call to ‘[01m[Kros::NodeHandle::subscribe(const char [30], int, void (PathPlanner::*)(...) &, PathPlanner*)[m[K’
   41 |         sub = nh.subscribe("gas_concentration_transmitter", 1000, &PathPlanner::callback, this[01;31m[K)[m[K;
      |                                                                                               [01;31m[K^[m[K
In file included from [01m[K/opt/ros/noetic/include/ros/ros.h:45[m[K,
                 from [01m[K/home/abersier/Documents/ETH/Semester_Project/SP_simulation/catkin_sim/src/path_planner/src/path_planner.cpp:1[m[K:
[01m[K/opt/ros/noetic/include/ros/node_handle.h:402:14:[m[K [01;36m[Knote: [m[Kcandidate: ‘[01m[Ktemplate<class M, class T> ros::Subscriber ros::NodeHandle::subscribe(const string&, uint32_t, void (T::*)(M), T*, const ros::TransportHints&)[m[K’
  402 |   Subscriber [01;36m[Ksubscribe[m[K(const std::string& topic, uint32_t queue_size, void(T::*fp)(M), T* obj,
      |              [01;36m[K^~~~~~~~~[m[K
[01m[K/opt/ros/noetic/include/ros/node_handle.h:402:14:[m[K [01;36m[Knote: [m[K  template argument deduction/substitution failed:
[01m[K/home/abersier/Documents/ETH/Semester_Project/SP_simulation/catkin_sim/src/path_planner/src/path_planner.cpp:41:95:[m[K [01;36m[Knote: [m[K  mismatched types ‘[01m[Kvoid (T::)(M)[m[K’ and ‘[01m[Kvoid (PathPlanner::)(...) &[m[K’
   41 |         sub = nh.subscribe("gas_concentration_transmitter", 1000, &PathPlanner::callback, this[01;36m[K)[m[K;
      |                                                                                               [01;36m[K^[m[K
In file included from [01m[K/opt/ros/noetic/include/ros/ros.h:45[m[K,
                 from [01m[K/home/abersier/Documents/ETH/Semester_Project/SP_simulation/catkin_sim/src/path_planner/src/path_planner.cpp:1[m[K:
[01m[K/opt/ros/noetic/include/ros/node_handle.h:413:14:[m[K [01;36m[Knote: [m[Kcandidate: ‘[01m[Ktemplate<class M, class T> ros::Subscriber ros::NodeHandle::subscribe(const string&, uint32_t, void (T::*)(M) const, T*, const ros::TransportHints&)[m[K’
  413 |   Subscriber [01;36m[Ksubscribe[m[K(const std::string& topic, uint32_t queue_size, void(T::*fp)(M) const, T* obj,
      |              [01;36m[K^~~~~~~~~[m[K
[01m[K/opt/ros/noetic/include/ros/node_handle.h:413:14:[m[K [01;36m[Knote: [m[K  template argument deduction/substitution failed:
[01m[K/home/abersier/Documents/ETH/Semester_Project/SP_simulation/catkin_sim/src/path_planner/src/path_planner.cpp:41:95:[m[K [01;36m[Knote: [m[K  types ‘[01m[Kvoid (T::)(M) const[m[K’ and ‘[01m[Kvoid (PathPlanner::)(...) &[m[K’ have incompatible cv-qualifiers
   41 |         sub = nh.subscribe("gas_concentration_transmitter", 1000, &PathPlanner::callback, this[01;36m[K)[m[K;
      |                                                                                               [01;36m[K^[m[K
In file included from [01m[K/opt/ros/noetic/include/ros/ros.h:45[m[K,
                 from [01m[K/home/abersier/Documents/ETH/Semester_Project/SP_simulation/catkin_sim/src/path_planner/src/path_planner.cpp:1[m[K:
[01m[K/opt/ros/noetic/include/ros/node_handle.h:465:14:[m[K [01;36m[Knote: [m[Kcandidate: ‘[01m[Ktemplate<class M, class T> ros::Subscriber ros::NodeHandle::subscribe(const string&, uint32_t, void (T::*)(const boost::shared_ptr<const M>&), T*, const ros::TransportHints&)[m[K’
  465 |   Subscriber [01;36m[Ksubscribe[m[K(const std::string& topic, uint32_t queue_size,
      |              [01;36m[K^~~~~~~~~[m[K
[01m[K/opt/ros/noetic/include/ros/node_handle.h:465:14:[m[K [01;36m[Knote: [m[K  template argument deduction/substitution failed:
[01m[K/home/abersier/Documents/ETH/Semester_Project/SP_simulation/catkin_sim/src/path_planner/src/path_planner.cpp:41:95:[m[K [01;36m[Knote: [m[K  mismatched types ‘[01m[Kvoid (T::)(const boost::shared_ptr<const M>&)[m[K’ and ‘[01m[Kvoid (PathPlanner::)(...) &[m[K’
   41 |         sub = nh.subscribe("gas_concentration_transmitter", 1000, &PathPlanner::callback, this[01;36m[K)[m[K;
      |                                                                                               [01;36m[K^[m[K
In file included from [01m[K/opt/ros/noetic/include/ros/ros.h:45[m[K,
                 from [01m[K/home/abersier/Documents/ETH/Semester_Project/SP_simulation/catkin_sim/src/path_planner/src/path_planner.cpp:1[m[K:
[01m[K/opt/ros/noetic/include/ros/node_handle.h:475:14:[m[K [01;36m[Knote: [m[Kcandidate: ‘[01m[Ktemplate<class M, class T> ros::Subscriber ros::NodeHandle::subscribe(const string&, uint32_t, void (T::*)(const boost::shared_ptr<const M>&) const, T*, const ros::TransportHints&)[m[K’
  475 |   Subscriber [01;36m[Ksubscribe[m[K(const std::string& topic, uint32_t queue_size,
      |              [01;36m[K^~~~~~~~~[m[K
[01m[K/opt/ros/noetic/include/ros/node_handle.h:475:14:[m[K [01;36m[Knote: [m[K  template argument deduction/substitution failed:
[01m[K/home/abersier/Documents/ETH/Semester_Project/SP_simulation/catkin_sim/src/path_planner/src/path_planner.cpp:41:95:[m[K [01;36m[Knote: [m[K  types ‘[01m[Kvoid (T::)(const boost::shared_ptr<const M>&) const[m[K’ and ‘[01m[Kvoid (PathPlanner::)(...) &[m[K’ have incompatible cv-qualifiers
   41 |         sub = nh.subscribe("gas_concentration_transmitter", 1000, &PathPlanner::callback, this[01;36m[K)[m[K;
      |                                                                                               [01;36m[K^[m[K
In file included from [01m[K/opt/ros/noetic/include/ros/ros.h:45[m[K,
                 from [01m[K/home/abersier/Documents/ETH/Semester_Project/SP_simulation/catkin_sim/src/path_planner/src/path_planner.cpp:1[m[K:
[01m[K/opt/ros/noetic/include/ros/node_handle.h:529:14:[m[K [01;36m[Knote: [m[Kcandidate: ‘[01m[Ktemplate<class M, class T> ros::Subscriber ros::NodeHandle::subscribe(const string&, uint32_t, void (T::*)(M), const boost::shared_ptr<U>&, const ros::TransportHints&)[m[K’
  529 |   Subscriber [01;36m[Ksubscribe[m[K(const std::string& topic, uint32_t queue_size, void(T::*fp)(M),
      |              [01;36m[K^~~~~~~~~[m[K
[01m[K/opt/ros/noetic/include/ros/node_handle.h:529:14:[m[K [01;36m[Knote: [m[K  template argument deduction/substitution failed:
[01m[K/home/abersier/Documents/ETH/Semester_Project/SP_simulation/catkin_sim/src/path_planner/src/path_planner.cpp:41:95:[m[K [01;36m[Knote: [m[K  mismatched types ‘[01m[Kvoid (T::)(M)[m[K’ and ‘[01m[Kvoid (PathPlanner::)(...) &[m[K’
   41 |         sub = nh.subscribe("gas_concentration_transmitter", 1000, &PathPlanner::callback, this[01;36m[K)[m[K;
      |                                                                                               [01;36m[K^[m[K
In file included from [01m[K/opt/ros/noetic/include/ros/ros.h:45[m[K,
                 from [01m[K/home/abersier/Documents/ETH/Semester_Project/SP_simulation/catkin_sim/src/path_planner/src/path_planner.cpp:1[m[K:
[01m[K/opt/ros/noetic/include/ros/node_handle.h:540:14:[m[K [01;36m[Knote: [m[Kcandidate: ‘[01m[Ktemplate<class M, class T> ros::Subscriber ros::NodeHandle::subscribe(const string&, uint32_t, void (T::*)(M) const, const boost::shared_ptr<U>&, const ros::TransportHints&)[m[K’
  540 |   Subscriber [01;36m[Ksubscribe[m[K(const std::string& topic, uint32_t queue_size, void(T::*fp)(M) const,
      |              [01;36m[K^~~~~~~~~[m[K
[01m[K/opt/ros/noetic/include/ros/node_handle.h:540:14:[m[K [01;36m[Knote: [m[K  template argument deduction/substitution failed:
[01m[K/home/abersier/Documents/ETH/Semester_Project/SP_simulation/catkin_sim/src/path_planner/src/path_planner.cpp:41:95:[m[K [01;36m[Knote: [m[K  types ‘[01m[Kvoid (T::)(M) const[m[K’ and ‘[01m[Kvoid (PathPlanner::)(...) &[m[K’ have incompatible cv-qualifiers
   41 |         sub = nh.subscribe("gas_concentration_transmitter", 1000, &PathPlanner::callback, this[01;36m[K)[m[K;
      |                                                                                               [01;36m[K^[m[K
In file included from [01m[K/opt/ros/noetic/include/ros/ros.h:45[m[K,
                 from [01m[K/home/abersier/Documents/ETH/Semester_Project/SP_simulation/catkin_sim/src/path_planner/src/path_planner.cpp:1[m[K:
[01m[K/opt/ros/noetic/include/ros/node_handle.h:594:14:[m[K [01;36m[Knote: [m[Kcandidate: ‘[01m[Ktemplate<class M, class T> ros::Subscriber ros::NodeHandle::subscribe(const string&, uint32_t, void (T::*)(const boost::shared_ptr<const M>&), const boost::shared_ptr<U>&, const ros::TransportHints&)[m[K’
  594 |   Subscriber [01;36m[Ksubscribe[m[K(const std::string& topic, uint32_t queue_size,
      |              [01;36m[K^~~~~~~~~[m[K
[01m[K/opt/ros/noetic/include/ros/node_handle.h:594:14:[m[K [01;36m[Knote: [m[K  template argument deduction/substitution failed:
[01m[K/home/abersier/Documents/ETH/Semester_Project/SP_simulation/catkin_sim/src/path_planner/src/path_planner.cpp:41:95:[m[K [01;36m[Knote: [m[K  mismatched types ‘[01m[Kvoid (T::)(const boost::shared_ptr<const M>&)[m[K’ and ‘[01m[Kvoid (PathPlanner::)(...) &[m[K’
   41 |         sub = nh.subscribe("gas_concentration_transmitter", 1000, &PathPlanner::callback, this[01;36m[K)[m[K;
      |                                                                                               [01;36m[K^[m[K
In file included from [01m[K/opt/ros/noetic/include/ros/ros.h:45[m[K,
                 from [01m[K/home/abersier/Documents/ETH/Semester_Project/SP_simulation/catkin_sim/src/path_planner/src/path_planner.cpp:1[m[K:
[01m[K/opt/ros/noetic/include/ros/node_handle.h:605:14:[m[K [01;36m[Knote: [m[Kcandidate: ‘[01m[Ktemplate<class M, class T> ros::Subscriber ros::NodeHandle::subscribe(const string&, uint32_t, void (T::*)(const boost::shared_ptr<const M>&) const, const boost::shared_ptr<U>&, const ros::TransportHints&)[m[K’
  605 |   Subscriber [01;36m[Ksubscribe[m[K(const std::string& topic, uint32_t queue_size,
      |              [01;36m[K^~~~~~~~~[m[K
[01m[K/opt/ros/noetic/include/ros/node_handle.h:605:14:[m[K [01;36m[Knote: [m[K  template argument deduction/substitution failed:
[01m[K/home/abersier/Documents/ETH/Semester_Project/SP_simulation/catkin_sim/src/path_planner/src/path_planner.cpp:41:95:[m[K [01;36m[Knote: [m[K  types ‘[01m[Kvoid (T::)(const boost::shared_ptr<const M>&) const[m[K’ and ‘[01m[Kvoid (PathPlanner::)(...) &[m[K’ have incompatible cv-qualifiers
   41 |         sub = nh.subscribe("gas_concentration_transmitter", 1000, &PathPlanner::callback, this[01;36m[K)[m[K;
      |                                                                                               [01;36m[K^[m[K
In file included from [01m[K/opt/ros/noetic/include/ros/ros.h:45[m[K,
                 from [01m[K/home/abersier/Documents/ETH/Semester_Project/SP_simulation/catkin_sim/src/path_planner/src/path_planner.cpp:1[m[K:
[01m[K/opt/ros/noetic/include/ros/node_handle.h:656:14:[m[K [01;36m[Knote: [m[Kcandidate: ‘[01m[Ktemplate<class M> ros::Subscriber ros::NodeHandle::subscribe(const string&, uint32_t, void (*)(M), const ros::TransportHints&)[m[K’
  656 |   Subscriber [01;36m[Ksubscribe[m[K(const std::string& topic, uint32_t queue_size, void(*fp)(M), const TransportHints& transport_hints = TransportHints())
      |              [01;36m[K^~~~~~~~~[m[K
[01m[K/opt/ros/noetic/include/ros/node_handle.h:656:14:[m[K [01;36m[Knote: [m[K  template argument deduction/substitution failed:
[01m[K/home/abersier/Documents/ETH/Semester_Project/SP_simulation/catkin_sim/src/path_planner/src/path_planner.cpp:41:95:[m[K [01;36m[Knote: [m[K  mismatched types ‘[01m[Kvoid (*)(M)[m[K’ and ‘[01m[Kvoid (PathPlanner::*)(...) &[m[K’
   41 |         sub = nh.subscribe("gas_concentration_transmitter", 1000, &PathPlanner::callback, this[01;36m[K)[m[K;
      |                                                                                               [01;36m[K^[m[K
In file included from [01m[K/opt/ros/noetic/include/ros/ros.h:45[m[K,
                 from [01m[K/home/abersier/Documents/ETH/Semester_Project/SP_simulation/catkin_sim/src/path_planner/src/path_planner.cpp:1[m[K:
[01m[K/opt/ros/noetic/include/ros/node_handle.h:704:14:[m[K [01;36m[Knote: [m[Kcandidate: ‘[01m[Ktemplate<class M> ros::Subscriber ros::NodeHandle::subscribe(const string&, uint32_t, void (*)(const boost::shared_ptr<const M>&), const ros::TransportHints&)[m[K’
  704 |   Subscriber [01;36m[Ksubscribe[m[K(const std::string& topic, uint32_t queue_size, void(*fp)(const boost::shared_ptr<M const>&), const TransportHints& transport_hints = TransportHints())
      |              [01;36m[K^~~~~~~~~[m[K
[01m[K/opt/ros/noetic/include/ros/node_handle.h:704:14:[m[K [01;36m[Knote: [m[K  template argument deduction/substitution failed:
[01m[K/home/abersier/Documents/ETH/Semester_Project/SP_simulation/catkin_sim/src/path_planner/src/path_planner.cpp:41:95:[m[K [01;36m[Knote: [m[K  mismatched types ‘[01m[Kvoid (*)(const boost::shared_ptr<const M>&)[m[K’ and ‘[01m[Kvoid (PathPlanner::*)(...) &[m[K’
   41 |         sub = nh.subscribe("gas_concentration_transmitter", 1000, &PathPlanner::callback, this[01;36m[K)[m[K;
      |                                                                                               [01;36m[K^[m[K
In file included from [01m[K/opt/ros/noetic/include/ros/ros.h:45[m[K,
                 from [01m[K/home/abersier/Documents/ETH/Semester_Project/SP_simulation/catkin_sim/src/path_planner/src/path_planner.cpp:1[m[K:
[01m[K/opt/ros/noetic/include/ros/node_handle.h:750:14:[m[K [01;36m[Knote: [m[Kcandidate: ‘[01m[Ktemplate<class M> ros::Subscriber ros::NodeHandle::subscribe(const string&, uint32_t, const boost::function<void(const boost::shared_ptr<const M>&)>&, const VoidConstPtr&, const ros::TransportHints&)[m[K’
  750 |   Subscriber [01;36m[Ksubscribe[m[K(const std::string& topic, uint32_t queue_size, const boost::function<void (const boost::shared_ptr<M const>&)>& callback,
      |              [01;36m[K^~~~~~~~~[m[K
[01m[K/opt/ros/noetic/include/ros/node_handle.h:750:14:[m[K [01;36m[Knote: [m[K  template argument deduction/substitution failed:
[01m[K/home/abersier/Documents/ETH/Semester_Project/SP_simulation/catkin_sim/src/path_planner/src/path_planner.cpp:41:95:[m[K [01;36m[Knote: [m[K  mismatched types ‘[01m[Kconst boost::function<void(const boost::shared_ptr<const M>&)>[m[K’ and ‘[01m[Kvoid (PathPlanner::*)(...) &[m[K’
   41 |         sub = nh.subscribe("gas_concentration_transmitter", 1000, &PathPlanner::callback, this[01;36m[K)[m[K;
      |                                                                                               [01;36m[K^[m[K
In file included from [01m[K/opt/ros/noetic/include/ros/ros.h:45[m[K,
                 from [01m[K/home/abersier/Documents/ETH/Semester_Project/SP_simulation/catkin_sim/src/path_planner/src/path_planner.cpp:1[m[K:
[01m[K/opt/ros/noetic/include/ros/node_handle.h:799:14:[m[K [01;36m[Knote: [m[Kcandidate: ‘[01m[Ktemplate<class M, class C> ros::Subscriber ros::NodeHandle::subscribe(const string&, uint32_t, const boost::function<void(C)>&, const VoidConstPtr&, const ros::TransportHints&)[m[K’
  799 |   Subscriber [01;36m[Ksubscribe[m[K(const std::string& topic, uint32_t queue_size, const boost::function<void (C)>& callback,
      |              [01;36m[K^~~~~~~~~[m[K
[01m[K/opt/ros/noetic/include/ros/node_handle.h:799:14:[m[K [01;36m[Knote: [m[K  template argument deduction/substitution failed:
[01m[K/home/abersier/Documents/ETH/Semester_Project/SP_simulation/catkin_sim/src/path_planner/src/path_planner.cpp:41:95:[m[K [01;36m[Knote: [m[K  mismatched types ‘[01m[Kconst boost::function<void(C)>[m[K’ and ‘[01m[Kvoid (PathPlanner::*)(...) &[m[K’
   41 |         sub = nh.subscribe("gas_concentration_transmitter", 1000, &PathPlanner::callback, this[01;36m[K)[m[K;
      |                                                                                               [01;36m[K^[m[K
In file included from [01m[K/opt/ros/noetic/include/ros/ros.h:45[m[K,
                 from [01m[K/home/abersier/Documents/ETH/Semester_Project/SP_simulation/catkin_sim/src/path_planner/src/path_planner.cpp:1[m[K:
[01m[K/opt/ros/noetic/include/ros/node_handle.h:836:14:[m[K [01;36m[Knote: [m[Kcandidate: ‘[01m[Kros::Subscriber ros::NodeHandle::subscribe(ros::SubscribeOptions&)[m[K’
  836 |   Subscriber [01;36m[Ksubscribe[m[K(SubscribeOptions& ops);
      |              [01;36m[K^~~~~~~~~[m[K
[01m[K/opt/ros/noetic/include/ros/node_handle.h:836:14:[m[K [01;36m[Knote: [m[K  candidate expects 1 argument, 4 provided
make[2]: *** [CMakeFiles/path_planner.dir/build.make:63: CMakeFiles/path_planner.dir/src/path_planner.cpp.o] Error 1
make[1]: *** [CMakeFiles/Makefile2:196: CMakeFiles/path_planner.dir/all] Error 2
make[1]: *** Waiting for unfinished jobs....
make: *** [Makefile:141: all] Error 2
